2018-07-24 10:10:02,281 - ResourceManager : found vtl/main/footer.vm with loader org.apache.velocity.runtime.resource.loader.FileResourceLoader
2018-07-24 10:12:39,053 - SimpleLog4JLogSystem initialized using logfile '/Users/Admin/Documents/workspace1/lebah4/WebContent/velocity.log'
2018-07-24 10:12:39,053 - *******************************************************************
2018-07-24 10:12:39,053 - Starting Apache Velocity v1.5 (compiled: 2007-02-22 08:52:29)
2018-07-24 10:12:39,053 - RuntimeInstance initializing.
2018-07-24 10:12:39,053 - Default Properties File: org/apache/velocity/runtime/defaults/velocity.properties
2018-07-24 10:12:39,053 - Trying to use logger class org.apache.velocity.runtime.log.AvalonLogSystem
2018-07-24 10:12:39,053 - Couldn't find class org.apache.velocity.runtime.log.AvalonLogSystem or necessary supporting classes in classpath.
2018-07-24 10:12:39,054 - java.lang.NoClassDefFoundError: org/apache/log/format/Formatter
	at java.lang.Class.forName0(Native Method)
	at java.lang.Class.forName(Class.java:348)
	at org.apache.velocity.util.ClassUtils.getClass(ClassUtils.java:63)
	at org.apache.velocity.util.ClassUtils.getNewInstance(ClassUtils.java:95)
	at org.apache.velocity.runtime.log.LogManager.createLogChute(LogManager.java:147)
	at org.apache.velocity.runtime.log.LogManager.updateLog(LogManager.java:208)
	at org.apache.velocity.runtime.RuntimeInstance.initializeLog(RuntimeInstance.java:728)
	at org.apache.velocity.runtime.RuntimeInstance.init(RuntimeInstance.java:240)
	at org.apache.velocity.runtime.RuntimeInstance.init(RuntimeInstance.java:534)
	at org.apache.velocity.app.VelocityEngine.init(VelocityEngine.java:144)
	at lebah.portal.velocity.VelocityEngineHolder.<init>(VelocityEngineHolder.java:24)
	at lebah.portal.velocity.VelocityEngineHolder.getInstance(VelocityEngineHolder.java:28)
	at lebah.portal.velocity.VServlet.initVelocity(VServlet.java:59)
	at lebah.portal.DesktopController.doBody(DesktopController.java:85)
	at lebah.portal.DesktopController.doPost(DesktopController.java:53)
	at lebah.portal.DesktopController.doGet(DesktopController.java:47)
	at javax.servlet.http.HttpServlet.service(HttpServlet.java:622)
	at javax.servlet.http.HttpServlet.service(HttpServlet.java:729)
	at org.apache.catalina.core.ApplicationFilterChain.internalDoFilter(ApplicationFilterChain.java:230)
	at org.apache.catalina.core.ApplicationFilterChain.doFilter(ApplicationFilterChain.java:165)
	at org.apache.tomcat.websocket.server.WsFilter.doFilter(WsFilter.java:52)
	at org.apache.catalina.core.ApplicationFilterChain.internalDoFilter(ApplicationFilterChain.java:192)
	at org.apache.catalina.core.ApplicationFilterChain.doFilter(ApplicationFilterChain.java:165)
	at org.apache.catalina.core.ApplicationDispatcher.invoke(ApplicationDispatcher.java:726)
	at org.apache.catalina.core.ApplicationDispatcher.processRequest(ApplicationDispatcher.java:469)
	at org.apache.catalina.core.ApplicationDispatcher.doForward(ApplicationDispatcher.java:394)
	at org.apache.catalina.core.ApplicationDispatcher.forward(ApplicationDispatcher.java:311)
	at lebah.portal.handler.DesktopHandler.process(DesktopHandler.java:39)
	at lebah.portal.InterceptorServlet.service(InterceptorServlet.java:67)
	at javax.servlet.http.HttpServlet.service(HttpServlet.java:729)
	at org.apache.catalina.core.ApplicationFilterChain.internalDoFilter(ApplicationFilterChain.java:230)
	at org.apache.catalina.core.ApplicationFilterChain.doFilter(ApplicationFilterChain.java:165)
	at org.apache.tomcat.websocket.server.WsFilter.doFilter(WsFilter.java:52)
	at org.apache.catalina.core.ApplicationFilterChain.internalDoFilter(ApplicationFilterChain.java:192)
	at org.apache.catalina.core.ApplicationFilterChain.doFilter(ApplicationFilterChain.java:165)
	at org.apache.catalina.core.StandardWrapperValve.invoke(StandardWrapperValve.java:198)
	at org.apache.catalina.core.StandardContextValve.invoke(StandardContextValve.java:108)
	at org.apache.catalina.authenticator.AuthenticatorBase.invoke(AuthenticatorBase.java:522)
	at org.apache.catalina.core.StandardHostValve.invoke(StandardHostValve.java:140)
	at org.apache.catalina.valves.ErrorReportValve.invoke(ErrorReportValve.java:79)
	at org.apache.catalina.valves.AbstractAccessLogValve.invoke(AbstractAccessLogValve.java:620)
	at org.apache.catalina.core.StandardEngineValve.invoke(StandardEngineValve.java:87)
	at org.apache.catalina.connector.CoyoteAdapter.service(CoyoteAdapter.java:349)
	at org.apache.coyote.http11.Http11Processor.service(Http11Processor.java:1110)
	at org.apache.coyote.AbstractProcessorLight.process(AbstractProcessorLight.java:66)
	at org.apache.coyote.AbstractProtocol$ConnectionHandler.process(AbstractProtocol.java:785)
	at org.apache.tomcat.util.net.NioEndpoint$SocketProcessor.doRun(NioEndpoint.java:1425)
	at org.apache.tomcat.util.net.SocketProcessorBase.run(SocketProcessorBase.java:49)
	at java.util.concurrent.ThreadPoolExecutor.runWorker(ThreadPoolExecutor.java:1142)
	at java.util.concurrent.ThreadPoolExecutor$Worker.run(ThreadPoolExecutor.java:617)
	at org.apache.tomcat.util.threads.TaskThread$WrappingRunnable.run(TaskThread.java:61)
	at java.lang.Thread.run(Thread.java:745)
Caused by: java.lang.ClassNotFoundException: org.apache.log.format.Formatter
	at org.apache.catalina.loader.WebappClassLoaderBase.loadClass(WebappClassLoaderBase.java:1284)
	at org.apache.catalina.loader.WebappClassLoaderBase.loadClass(WebappClassLoaderBase.java:1118)
	... 52 more

2018-07-24 10:12:39,054 - Trying to use logger class org.apache.velocity.runtime.log.SimpleLog4JLogSystem
2018-07-24 10:12:39,054 - LogSystem has been deprecated. Please use a LogChute implementation.
2018-07-24 10:12:39,059 - Default ResourceManager initializing. (class org.apache.velocity.runtime.resource.ResourceManagerImpl)
2018-07-24 10:12:39,064 - ResourceLoader instantiated: org.apache.velocity.runtime.resource.loader.FileResourceLoader
2018-07-24 10:12:39,067 - FileResourceLoader : initialization starting.
2018-07-24 10:12:39,068 - Do unicode file recognition:  false
2018-07-24 10:12:39,068 - FileResourceLoader : adding path '/Users/Admin/Documents/workspace1/lebah4/WebContent'
2018-07-24 10:12:39,068 - FileResourceLoader : initialization complete.
2018-07-24 10:12:39,081 - ResourceCache: initialized (class org.apache.velocity.runtime.resource.ResourceCacheImpl)
2018-07-24 10:12:39,081 - Default ResourceManager initialization complete.
2018-07-24 10:12:39,082 - Loaded System Directive: org.apache.velocity.runtime.directive.Literal
2018-07-24 10:12:39,084 - Loaded System Directive: org.apache.velocity.runtime.directive.Macro
2018-07-24 10:12:39,087 - Loaded System Directive: org.apache.velocity.runtime.directive.Parse
2018-07-24 10:12:39,089 - Loaded System Directive: org.apache.velocity.runtime.directive.Include
2018-07-24 10:12:39,090 - Loaded System Directive: org.apache.velocity.runtime.directive.Foreach
2018-07-24 10:12:39,117 - Created '20' parsers.
2018-07-24 10:12:39,127 - Velocimacro : initialization starting.
2018-07-24 10:12:39,127 - Velocimacro : allowInline = true : VMs can be defined inline in templates
2018-07-24 10:12:39,127 - Velocimacro : allowInlineToOverride = false : VMs defined inline may NOT replace previous VM definitions
2018-07-24 10:12:39,127 - Velocimacro : allowInlineLocal = false : VMs defined inline will be global in scope if allowed.
2018-07-24 10:12:39,127 - Velocimacro : autoload off : VM system will not automatically reload global library macros
2018-07-24 10:12:39,127 - Velocimacro : Velocimacro : initialization complete.
2018-07-24 10:12:39,127 - RuntimeInstance successfully initialized.
2018-07-24 10:12:39,486 - ResourceManager : found vtl/main/title.vm with loader org.apache.velocity.runtime.resource.loader.FileResourceLoader
2018-07-24 10:12:39,538 - ResourceManager : found vtl/main/js_css.vm with loader org.apache.velocity.runtime.resource.loader.FileResourceLoader
2018-07-24 10:12:39,542 - Null reference [template 'vtl/main/js_css.vm', line 38, column 5] : $j cannot be resolved.
2018-07-24 10:12:39,582 - ResourceManager : found vtl/main/header.vm with loader org.apache.velocity.runtime.resource.loader.FileResourceLoader
2018-07-24 10:12:39,610 - ResourceManager : found vtl/main/header_normal.vm with loader org.apache.velocity.runtime.resource.loader.FileResourceLoader
2018-07-24 10:12:39,611 - ResourceManager : found vtl/main/login_input.vm with loader org.apache.velocity.runtime.resource.loader.FileResourceLoader
2018-07-24 10:12:39,629 - ResourceManager : found vtl/main/tab_login.vm with loader org.apache.velocity.runtime.resource.loader.FileResourceLoader
2018-07-24 10:12:39,650 - ResourceManager : found vtl/main/tabber-main.vm with loader org.apache.velocity.runtime.resource.loader.FileResourceLoader
2018-07-24 10:12:39,655 - ResourceManager : found vtl/main/tabber2.vm with loader org.apache.velocity.runtime.resource.loader.FileResourceLoader
2018-07-24 10:12:39,736 - ResourceManager : found vtl/main/moduler.vm with loader org.apache.velocity.runtime.resource.loader.FileResourceLoader
2018-07-24 10:12:39,740 - ResourceManager : found vtl/main/moduler2.vm with loader org.apache.velocity.runtime.resource.loader.FileResourceLoader
2018-07-24 10:12:39,771 - ResourceManager : found vtl/main/footer.vm with loader org.apache.velocity.runtime.resource.loader.FileResourceLoader
2018-07-24 10:12:52,354 - ResourceManager : found vtl/main/title.vm with loader org.apache.velocity.runtime.resource.loader.FileResourceLoader
2018-07-24 10:12:52,358 - ResourceManager : found vtl/main/js_css.vm with loader org.apache.velocity.runtime.resource.loader.FileResourceLoader
2018-07-24 10:12:52,358 - Null reference [template 'vtl/main/js_css.vm', line 38, column 5] : $j cannot be resolved.
2018-07-24 10:12:52,362 - ResourceManager : found vtl/main/header.vm with loader org.apache.velocity.runtime.resource.loader.FileResourceLoader
2018-07-24 10:12:52,365 - ResourceManager : found vtl/main/header_normal.vm with loader org.apache.velocity.runtime.resource.loader.FileResourceLoader
2018-07-24 10:12:52,365 - ResourceManager : found vtl/main/login_input.vm with loader org.apache.velocity.runtime.resource.loader.FileResourceLoader
2018-07-24 10:12:52,367 - ResourceManager : found vtl/main/tab_login.vm with loader org.apache.velocity.runtime.resource.loader.FileResourceLoader
2018-07-24 10:12:52,373 - ResourceManager : found vtl/main/tabber-main.vm with loader org.apache.velocity.runtime.resource.loader.FileResourceLoader
2018-07-24 10:12:52,375 - ResourceManager : found vtl/main/tabber2.vm with loader org.apache.velocity.runtime.resource.loader.FileResourceLoader
2018-07-24 10:12:52,383 - ResourceManager : found vtl/main/moduler.vm with loader org.apache.velocity.runtime.resource.loader.FileResourceLoader
2018-07-24 10:12:52,386 - ResourceManager : found vtl/main/moduler2.vm with loader org.apache.velocity.runtime.resource.loader.FileResourceLoader
2018-07-24 10:12:52,386 - ResourceManager : found vtl/main/footer.vm with loader org.apache.velocity.runtime.resource.loader.FileResourceLoader
2018-07-24 10:13:14,354 - ResourceManager : found vtl/main/title.vm with loader org.apache.velocity.runtime.resource.loader.FileResourceLoader
2018-07-24 10:13:14,358 - ResourceManager : found vtl/main/js_css.vm with loader org.apache.velocity.runtime.resource.loader.FileResourceLoader
2018-07-24 10:13:14,358 - Null reference [template 'vtl/main/js_css.vm', line 38, column 5] : $j cannot be resolved.
2018-07-24 10:13:14,441 - ResourceManager : found vtl/main/title.vm with loader org.apache.velocity.runtime.resource.loader.FileResourceLoader
2018-07-24 10:13:14,445 - ResourceManager : found vtl/main/js_css.vm with loader org.apache.velocity.runtime.resource.loader.FileResourceLoader
2018-07-24 10:13:14,445 - Null reference [template 'vtl/main/js_css.vm', line 38, column 5] : $j cannot be resolved.
2018-07-24 10:13:14,449 - ResourceManager : found vtl/main/header.vm with loader org.apache.velocity.runtime.resource.loader.FileResourceLoader
2018-07-24 10:13:14,450 - ResourceManager : found vtl/main/header_normal.vm with loader org.apache.velocity.runtime.resource.loader.FileResourceLoader
2018-07-24 10:13:14,476 - ResourceManager : found vtl/main/user_role_tabs_menu.vm with loader org.apache.velocity.runtime.resource.loader.FileResourceLoader
2018-07-24 10:13:14,502 - ResourceManager : found vtl/main/greeting.vm with loader org.apache.velocity.runtime.resource.loader.FileResourceLoader
2018-07-24 10:13:14,506 - ResourceManager : found vtl/main/tabber-main.vm with loader org.apache.velocity.runtime.resource.loader.FileResourceLoader
2018-07-24 10:13:14,507 - ResourceManager : found vtl/main/tabber2.vm with loader org.apache.velocity.runtime.resource.loader.FileResourceLoader
2018-07-24 10:13:14,542 - ResourceManager : found vtl/main/moduler.vm with loader org.apache.velocity.runtime.resource.loader.FileResourceLoader
2018-07-24 10:13:14,545 - ResourceManager : found vtl/main/moduler2.vm with loader org.apache.velocity.runtime.resource.loader.FileResourceLoader
2018-07-24 10:13:14,553 - ResourceManager : found vtl/main/module_title.vm with loader org.apache.velocity.runtime.resource.loader.FileResourceLoader
2018-07-24 10:13:14,554 - Left side ($moduleClassName) of '==' operation has null value. If a reference, it may not be in the context. Operation not possible. vtl/main/module_title.vm [line 8, column 50]
2018-07-24 10:13:14,562 - ResourceManager : found vtl/admin/errormessage.vm with loader org.apache.velocity.runtime.resource.loader.FileResourceLoader
2018-07-24 10:13:14,564 - ResourceManager : found vtl/main/footer.vm with loader org.apache.velocity.runtime.resource.loader.FileResourceLoader
2018-07-24 10:13:18,364 - ResourceManager : found vtl/main/title.vm with loader org.apache.velocity.runtime.resource.loader.FileResourceLoader
2018-07-24 10:13:18,366 - ResourceManager : found vtl/main/js_css.vm with loader org.apache.velocity.runtime.resource.loader.FileResourceLoader
2018-07-24 10:13:18,366 - Null reference [template 'vtl/main/js_css.vm', line 38, column 5] : $j cannot be resolved.
2018-07-24 10:13:18,378 - ResourceManager : found vtl/main/header.vm with loader org.apache.velocity.runtime.resource.loader.FileResourceLoader
2018-07-24 10:13:18,381 - RHS of #set statement is null. Context will not be modified. vtl/main/header.vm [line 22, column 1]
2018-07-24 10:13:18,382 - RHS of #set statement is null. Context will not be modified. vtl/main/header.vm [line 23, column 1]
2018-07-24 10:13:18,384 - ResourceManager : found vtl/main/header_normal.vm with loader org.apache.velocity.runtime.resource.loader.FileResourceLoader
2018-07-24 10:13:18,384 - ResourceManager : found vtl/main/login_input.vm with loader org.apache.velocity.runtime.resource.loader.FileResourceLoader
2018-07-24 10:13:18,386 - ResourceManager : found vtl/main/tab_login.vm with loader org.apache.velocity.runtime.resource.loader.FileResourceLoader
2018-07-24 10:13:18,395 - ResourceManager : found vtl/main/tabber-main.vm with loader org.apache.velocity.runtime.resource.loader.FileResourceLoader
2018-07-24 10:13:18,397 - ResourceManager : found vtl/main/tabber2.vm with loader org.apache.velocity.runtime.resource.loader.FileResourceLoader
2018-07-24 10:13:18,411 - ResourceManager : found vtl/main/moduler.vm with loader org.apache.velocity.runtime.resource.loader.FileResourceLoader
2018-07-24 10:13:18,412 - ResourceManager : found vtl/main/moduler2.vm with loader org.apache.velocity.runtime.resource.loader.FileResourceLoader
2018-07-24 10:13:18,412 - ResourceManager : found vtl/main/footer.vm with loader org.apache.velocity.runtime.resource.loader.FileResourceLoader
2018-07-27 06:05:57,669 - SimpleLog4JLogSystem initialized using logfile '/Users/Admin/Documents/workspace1/lebah4/WebContent/velocity.log'
2018-07-27 06:05:57,685 - *******************************************************************
2018-07-27 06:05:57,685 - Starting Apache Velocity v1.5 (compiled: 2007-02-22 08:52:29)
2018-07-27 06:05:57,685 - RuntimeInstance initializing.
2018-07-27 06:05:57,685 - Default Properties File: org/apache/velocity/runtime/defaults/velocity.properties
2018-07-27 06:05:57,685 - Trying to use logger class org.apache.velocity.runtime.log.AvalonLogSystem
2018-07-27 06:05:57,685 - Couldn't find class org.apache.velocity.runtime.log.AvalonLogSystem or necessary supporting classes in classpath.
2018-07-27 06:05:57,686 - java.lang.NoClassDefFoundError: org/apache/log/format/Formatter
	at java.lang.Class.forName0(Native Method)
	at java.lang.Class.forName(Class.java:348)
	at org.apache.velocity.util.ClassUtils.getClass(ClassUtils.java:63)
	at org.apache.velocity.util.ClassUtils.getNewInstance(ClassUtils.java:95)
	at org.apache.velocity.runtime.log.LogManager.createLogChute(LogManager.java:147)
	at org.apache.velocity.runtime.log.LogManager.updateLog(LogManager.java:208)
	at org.apache.velocity.runtime.RuntimeInstance.initializeLog(RuntimeInstance.java:728)
	at org.apache.velocity.runtime.RuntimeInstance.init(RuntimeInstance.java:240)
	at org.apache.velocity.runtime.RuntimeInstance.init(RuntimeInstance.java:534)
	at org.apache.velocity.app.VelocityEngine.init(VelocityEngine.java:144)
	at lebah.portal.velocity.VelocityEngineHolder.<init>(VelocityEngineHolder.java:24)
	at lebah.portal.velocity.VelocityEngineHolder.getInstance(VelocityEngineHolder.java:28)
	at lebah.portal.velocity.VServlet.initVelocity(VServlet.java:59)
	at lebah.portal.DesktopController.doBody(DesktopController.java:86)
	at lebah.portal.DesktopController.doPost(DesktopController.java:54)
	at lebah.portal.DesktopController.doGet(DesktopController.java:48)
	at javax.servlet.http.HttpServlet.service(HttpServlet.java:622)
	at javax.servlet.http.HttpServlet.service(HttpServlet.java:729)
	at org.apache.catalina.core.ApplicationFilterChain.internalDoFilter(ApplicationFilterChain.java:230)
	at org.apache.catalina.core.ApplicationFilterChain.doFilter(ApplicationFilterChain.java:165)
	at org.apache.tomcat.websocket.server.WsFilter.doFilter(WsFilter.java:52)
	at org.apache.catalina.core.ApplicationFilterChain.internalDoFilter(ApplicationFilterChain.java:192)
	at org.apache.catalina.core.ApplicationFilterChain.doFilter(ApplicationFilterChain.java:165)
	at org.apache.catalina.core.ApplicationDispatcher.invoke(ApplicationDispatcher.java:726)
	at org.apache.catalina.core.ApplicationDispatcher.processRequest(ApplicationDispatcher.java:469)
	at org.apache.catalina.core.ApplicationDispatcher.doForward(ApplicationDispatcher.java:394)
	at org.apache.catalina.core.ApplicationDispatcher.forward(ApplicationDispatcher.java:311)
	at lebah.portal.handler.DesktopHandler.process(DesktopHandler.java:39)
	at lebah.portal.InterceptorServlet.service(InterceptorServlet.java:67)
	at javax.servlet.http.HttpServlet.service(HttpServlet.java:729)
	at org.apache.catalina.core.ApplicationFilterChain.internalDoFilter(ApplicationFilterChain.java:230)
	at org.apache.catalina.core.ApplicationFilterChain.doFilter(ApplicationFilterChain.java:165)
	at org.apache.tomcat.websocket.server.WsFilter.doFilter(WsFilter.java:52)
	at org.apache.catalina.core.ApplicationFilterChain.internalDoFilter(ApplicationFilterChain.java:192)
	at org.apache.catalina.core.ApplicationFilterChain.doFilter(ApplicationFilterChain.java:165)
	at org.apache.catalina.core.StandardWrapperValve.invoke(StandardWrapperValve.java:198)
	at org.apache.catalina.core.StandardContextValve.invoke(StandardContextValve.java:108)
	at org.apache.catalina.authenticator.AuthenticatorBase.invoke(AuthenticatorBase.java:522)
	at org.apache.catalina.core.StandardHostValve.invoke(StandardHostValve.java:140)
	at org.apache.catalina.valves.ErrorReportValve.invoke(ErrorReportValve.java:79)
	at org.apache.catalina.valves.AbstractAccessLogValve.invoke(AbstractAccessLogValve.java:620)
	at org.apache.catalina.core.StandardEngineValve.invoke(StandardEngineValve.java:87)
	at org.apache.catalina.connector.CoyoteAdapter.service(CoyoteAdapter.java:349)
	at org.apache.coyote.http11.Http11Processor.service(Http11Processor.java:1110)
	at org.apache.coyote.AbstractProcessorLight.process(AbstractProcessorLight.java:66)
	at org.apache.coyote.AbstractProtocol$ConnectionHandler.process(AbstractProtocol.java:785)
	at org.apache.tomcat.util.net.NioEndpoint$SocketProcessor.doRun(NioEndpoint.java:1425)
	at org.apache.tomcat.util.net.SocketProcessorBase.run(SocketProcessorBase.java:49)
	at java.util.concurrent.ThreadPoolExecutor.runWorker(ThreadPoolExecutor.java:1142)
	at java.util.concurrent.ThreadPoolExecutor$Worker.run(ThreadPoolExecutor.java:617)
	at org.apache.tomcat.util.threads.TaskThread$WrappingRunnable.run(TaskThread.java:61)
	at java.lang.Thread.run(Thread.java:745)
Caused by: java.lang.ClassNotFoundException: org.apache.log.format.Formatter
	at org.apache.catalina.loader.WebappClassLoaderBase.loadClass(WebappClassLoaderBase.java:1284)
	at org.apache.catalina.loader.WebappClassLoaderBase.loadClass(WebappClassLoaderBase.java:1118)
	... 52 more

2018-07-27 06:05:57,686 - Trying to use logger class org.apache.velocity.runtime.log.SimpleLog4JLogSystem
2018-07-27 06:05:57,686 - LogSystem has been deprecated. Please use a LogChute implementation.
2018-07-27 06:05:57,689 - Default ResourceManager initializing. (class org.apache.velocity.runtime.resource.ResourceManagerImpl)
2018-07-27 06:05:57,693 - ResourceLoader instantiated: org.apache.velocity.runtime.resource.loader.FileResourceLoader
2018-07-27 06:05:57,694 - FileResourceLoader : initialization starting.
2018-07-27 06:05:57,694 - Do unicode file recognition:  false
2018-07-27 06:05:57,694 - FileResourceLoader : adding path '/Users/Admin/Documents/workspace1/lebah4/WebContent'
2018-07-27 06:05:57,694 - FileResourceLoader : initialization complete.
2018-07-27 06:05:57,732 - ResourceCache: initialized (class org.apache.velocity.runtime.resource.ResourceCacheImpl)
2018-07-27 06:05:57,732 - Default ResourceManager initialization complete.
2018-07-27 06:05:57,734 - Loaded System Directive: org.apache.velocity.runtime.directive.Literal
2018-07-27 06:05:57,737 - Loaded System Directive: org.apache.velocity.runtime.directive.Macro
2018-07-27 06:05:57,740 - Loaded System Directive: org.apache.velocity.runtime.directive.Parse
2018-07-27 06:05:57,742 - Loaded System Directive: org.apache.velocity.runtime.directive.Include
2018-07-27 06:05:57,743 - Loaded System Directive: org.apache.velocity.runtime.directive.Foreach
2018-07-27 06:05:57,773 - Created '20' parsers.
2018-07-27 06:05:57,782 - Velocimacro : initialization starting.
2018-07-27 06:05:57,783 - Velocimacro : allowInline = true : VMs can be defined inline in templates
2018-07-27 06:05:57,783 - Velocimacro : allowInlineToOverride = false : VMs defined inline may NOT replace previous VM definitions
2018-07-27 06:05:57,783 - Velocimacro : allowInlineLocal = false : VMs defined inline will be global in scope if allowed.
2018-07-27 06:05:57,783 - Velocimacro : autoload off : VM system will not automatically reload global library macros
2018-07-27 06:05:57,783 - Velocimacro : Velocimacro : initialization complete.
2018-07-27 06:05:57,783 - RuntimeInstance successfully initialized.
2018-07-27 06:05:58,404 - ResourceManager : found vtl/main/title.vm with loader org.apache.velocity.runtime.resource.loader.FileResourceLoader
2018-07-27 06:05:58,442 - ResourceManager : found vtl/main/js_css.vm with loader org.apache.velocity.runtime.resource.loader.FileResourceLoader
2018-07-27 06:05:58,445 - Null reference [template 'vtl/main/js_css.vm', line 38, column 5] : $j cannot be resolved.
2018-07-27 06:05:58,468 - ResourceManager : found vtl/main/header.vm with loader org.apache.velocity.runtime.resource.loader.FileResourceLoader
2018-07-27 06:05:58,481 - RHS of #set statement is null. Context will not be modified. vtl/main/header.vm [line 22, column 1]
2018-07-27 06:05:58,482 - RHS of #set statement is null. Context will not be modified. vtl/main/header.vm [line 23, column 1]
2018-07-27 06:05:58,532 - ResourceManager : found vtl/main/header_normal.vm with loader org.apache.velocity.runtime.resource.loader.FileResourceLoader
2018-07-27 06:05:58,540 - ResourceManager : found vtl/main/login_input.vm with loader org.apache.velocity.runtime.resource.loader.FileResourceLoader
2018-07-27 06:05:58,549 - ResourceManager : found vtl/main/tab_login.vm with loader org.apache.velocity.runtime.resource.loader.FileResourceLoader
2018-07-27 06:05:58,581 - ResourceManager : found vtl/main/tabber-main.vm with loader org.apache.velocity.runtime.resource.loader.FileResourceLoader
2018-07-27 06:05:58,596 - ResourceManager : found vtl/main/tabber2.vm with loader org.apache.velocity.runtime.resource.loader.FileResourceLoader
2018-07-27 06:05:58,631 - ResourceManager : found vtl/main/moduler.vm with loader org.apache.velocity.runtime.resource.loader.FileResourceLoader
2018-07-27 06:05:58,677 - ResourceManager : found vtl/main/moduler2.vm with loader org.apache.velocity.runtime.resource.loader.FileResourceLoader
2018-07-27 06:05:58,694 - ResourceManager : found vtl/main/footer.vm with loader org.apache.velocity.runtime.resource.loader.FileResourceLoader
2018-07-27 06:06:21,075 - ResourceManager : found vtl/main/title.vm with loader org.apache.velocity.runtime.resource.loader.FileResourceLoader
2018-07-27 06:06:21,079 - ResourceManager : found vtl/main/js_css.vm with loader org.apache.velocity.runtime.resource.loader.FileResourceLoader
2018-07-27 06:06:21,079 - Null reference [template 'vtl/main/js_css.vm', line 38, column 5] : $j cannot be resolved.
2018-07-27 06:06:30,562 - ResourceManager : found vtl/main/title.vm with loader org.apache.velocity.runtime.resource.loader.FileResourceLoader
2018-07-27 06:06:30,566 - ResourceManager : found vtl/main/js_css.vm with loader org.apache.velocity.runtime.resource.loader.FileResourceLoader
2018-07-27 06:06:30,566 - Null reference [template 'vtl/main/js_css.vm', line 38, column 5] : $j cannot be resolved.
2018-07-27 06:06:30,582 - ResourceManager : found vtl/main/header.vm with loader org.apache.velocity.runtime.resource.loader.FileResourceLoader
2018-07-27 06:06:30,585 - ResourceManager : found vtl/main/header_normal.vm with loader org.apache.velocity.runtime.resource.loader.FileResourceLoader
2018-07-27 06:06:30,587 - ResourceManager : found vtl/main/login_input.vm with loader org.apache.velocity.runtime.resource.loader.FileResourceLoader
2018-07-27 06:06:30,590 - ResourceManager : found vtl/main/tab_login.vm with loader org.apache.velocity.runtime.resource.loader.FileResourceLoader
2018-07-27 06:06:30,597 - ResourceManager : found vtl/main/tabber-main.vm with loader org.apache.velocity.runtime.resource.loader.FileResourceLoader
2018-07-27 06:06:30,600 - ResourceManager : found vtl/main/tabber2.vm with loader org.apache.velocity.runtime.resource.loader.FileResourceLoader
2018-07-27 06:06:30,604 - ResourceManager : found vtl/main/moduler.vm with loader org.apache.velocity.runtime.resource.loader.FileResourceLoader
2018-07-27 06:06:30,605 - ResourceManager : found vtl/main/moduler2.vm with loader org.apache.velocity.runtime.resource.loader.FileResourceLoader
2018-07-27 06:06:30,606 - ResourceManager : found vtl/main/footer.vm with loader org.apache.velocity.runtime.resource.loader.FileResourceLoader
2018-07-28 07:39:21,280 - SimpleLog4JLogSystem initialized using logfile '/Users/Admin/Documents/workspace1/lebah4/WebContent/velocity.log'
2018-07-28 07:39:21,303 - *******************************************************************
2018-07-28 07:39:21,303 - Starting Apache Velocity v1.5 (compiled: 2007-02-22 08:52:29)
2018-07-28 07:39:21,303 - RuntimeInstance initializing.
2018-07-28 07:39:21,303 - Default Properties File: org/apache/velocity/runtime/defaults/velocity.properties
2018-07-28 07:39:21,303 - Trying to use logger class org.apache.velocity.runtime.log.AvalonLogSystem
2018-07-28 07:39:21,303 - Couldn't find class org.apache.velocity.runtime.log.AvalonLogSystem or necessary supporting classes in classpath.
2018-07-28 07:39:21,304 - java.lang.NoClassDefFoundError: org/apache/log/format/Formatter
	at java.lang.Class.forName0(Native Method)
	at java.lang.Class.forName(Class.java:348)
	at org.apache.velocity.util.ClassUtils.getClass(ClassUtils.java:63)
	at org.apache.velocity.util.ClassUtils.getNewInstance(ClassUtils.java:95)
	at org.apache.velocity.runtime.log.LogManager.createLogChute(LogManager.java:147)
	at org.apache.velocity.runtime.log.LogManager.updateLog(LogManager.java:208)
	at org.apache.velocity.runtime.RuntimeInstance.initializeLog(RuntimeInstance.java:728)
	at org.apache.velocity.runtime.RuntimeInstance.init(RuntimeInstance.java:240)
	at org.apache.velocity.runtime.RuntimeInstance.init(RuntimeInstance.java:534)
	at org.apache.velocity.app.VelocityEngine.init(VelocityEngine.java:144)
	at lebah.portal.velocity.VelocityEngineHolder.<init>(VelocityEngineHolder.java:24)
	at lebah.portal.velocity.VelocityEngineHolder.getInstance(VelocityEngineHolder.java:28)
	at lebah.portal.velocity.VServlet.initVelocity(VServlet.java:59)
	at lebah.portal.DesktopController.doBody(DesktopController.java:86)
	at lebah.portal.DesktopController.doPost(DesktopController.java:54)
	at lebah.portal.DesktopController.doGet(DesktopController.java:48)
	at javax.servlet.http.HttpServlet.service(HttpServlet.java:622)
	at javax.servlet.http.HttpServlet.service(HttpServlet.java:729)
	at org.apache.catalina.core.ApplicationFilterChain.internalDoFilter(ApplicationFilterChain.java:230)
	at org.apache.catalina.core.ApplicationFilterChain.doFilter(ApplicationFilterChain.java:165)
	at org.apache.tomcat.websocket.server.WsFilter.doFilter(WsFilter.java:52)
	at org.apache.catalina.core.ApplicationFilterChain.internalDoFilter(ApplicationFilterChain.java:192)
	at org.apache.catalina.core.ApplicationFilterChain.doFilter(ApplicationFilterChain.java:165)
	at org.apache.catalina.core.ApplicationDispatcher.invoke(ApplicationDispatcher.java:726)
	at org.apache.catalina.core.ApplicationDispatcher.processRequest(ApplicationDispatcher.java:469)
	at org.apache.catalina.core.ApplicationDispatcher.doForward(ApplicationDispatcher.java:394)
	at org.apache.catalina.core.ApplicationDispatcher.forward(ApplicationDispatcher.java:311)
	at lebah.portal.handler.DesktopHandler.process(DesktopHandler.java:39)
	at lebah.portal.InterceptorServlet.service(InterceptorServlet.java:67)
	at javax.servlet.http.HttpServlet.service(HttpServlet.java:729)
	at org.apache.catalina.core.ApplicationFilterChain.internalDoFilter(ApplicationFilterChain.java:230)
	at org.apache.catalina.core.ApplicationFilterChain.doFilter(ApplicationFilterChain.java:165)
	at org.apache.tomcat.websocket.server.WsFilter.doFilter(WsFilter.java:52)
	at org.apache.catalina.core.ApplicationFilterChain.internalDoFilter(ApplicationFilterChain.java:192)
	at org.apache.catalina.core.ApplicationFilterChain.doFilter(ApplicationFilterChain.java:165)
	at org.apache.catalina.core.StandardWrapperValve.invoke(StandardWrapperValve.java:198)
	at org.apache.catalina.core.StandardContextValve.invoke(StandardContextValve.java:108)
	at org.apache.catalina.authenticator.AuthenticatorBase.invoke(AuthenticatorBase.java:522)
	at org.apache.catalina.core.StandardHostValve.invoke(StandardHostValve.java:140)
	at org.apache.catalina.valves.ErrorReportValve.invoke(ErrorReportValve.java:79)
	at org.apache.catalina.valves.AbstractAccessLogValve.invoke(AbstractAccessLogValve.java:620)
	at org.apache.catalina.core.StandardEngineValve.invoke(StandardEngineValve.java:87)
	at org.apache.catalina.connector.CoyoteAdapter.service(CoyoteAdapter.java:349)
	at org.apache.coyote.http11.Http11Processor.service(Http11Processor.java:1110)
	at org.apache.coyote.AbstractProcessorLight.process(AbstractProcessorLight.java:66)
	at org.apache.coyote.AbstractProtocol$ConnectionHandler.process(AbstractProtocol.java:785)
	at org.apache.tomcat.util.net.NioEndpoint$SocketProcessor.doRun(NioEndpoint.java:1425)
	at org.apache.tomcat.util.net.SocketProcessorBase.run(SocketProcessorBase.java:49)
	at java.util.concurrent.ThreadPoolExecutor.runWorker(ThreadPoolExecutor.java:1142)
	at java.util.concurrent.ThreadPoolExecutor$Worker.run(ThreadPoolExecutor.java:617)
	at org.apache.tomcat.util.threads.TaskThread$WrappingRunnable.run(TaskThread.java:61)
	at java.lang.Thread.run(Thread.java:745)
Caused by: java.lang.ClassNotFoundException: org.apache.log.format.Formatter
	at org.apache.catalina.loader.WebappClassLoaderBase.loadClass(WebappClassLoaderBase.java:1284)
	at org.apache.catalina.loader.WebappClassLoaderBase.loadClass(WebappClassLoaderBase.java:1118)
	... 52 more

2018-07-28 07:39:21,305 - Trying to use logger class org.apache.velocity.runtime.log.SimpleLog4JLogSystem
2018-07-28 07:39:21,305 - LogSystem has been deprecated. Please use a LogChute implementation.
2018-07-28 07:39:21,309 - Default ResourceManager initializing. (class org.apache.velocity.runtime.resource.ResourceManagerImpl)
2018-07-28 07:39:21,315 - ResourceLoader instantiated: org.apache.velocity.runtime.resource.loader.FileResourceLoader
2018-07-28 07:39:21,317 - FileResourceLoader : initialization starting.
2018-07-28 07:39:21,317 - Do unicode file recognition:  false
2018-07-28 07:39:21,317 - FileResourceLoader : adding path '/Users/Admin/Documents/workspace1/lebah4/WebContent'
2018-07-28 07:39:21,317 - FileResourceLoader : initialization complete.
2018-07-28 07:39:21,353 - ResourceCache: initialized (class org.apache.velocity.runtime.resource.ResourceCacheImpl)
2018-07-28 07:39:21,353 - Default ResourceManager initialization complete.
2018-07-28 07:39:21,355 - Loaded System Directive: org.apache.velocity.runtime.directive.Literal
2018-07-28 07:39:21,357 - Loaded System Directive: org.apache.velocity.runtime.directive.Macro
2018-07-28 07:39:21,360 - Loaded System Directive: org.apache.velocity.runtime.directive.Parse
2018-07-28 07:39:21,362 - Loaded System Directive: org.apache.velocity.runtime.directive.Include
2018-07-28 07:39:21,363 - Loaded System Directive: org.apache.velocity.runtime.directive.Foreach
2018-07-28 07:39:21,400 - Created '20' parsers.
2018-07-28 07:39:21,418 - Velocimacro : initialization starting.
2018-07-28 07:39:21,418 - Velocimacro : allowInline = true : VMs can be defined inline in templates
2018-07-28 07:39:21,418 - Velocimacro : allowInlineToOverride = false : VMs defined inline may NOT replace previous VM definitions
2018-07-28 07:39:21,418 - Velocimacro : allowInlineLocal = false : VMs defined inline will be global in scope if allowed.
2018-07-28 07:39:21,418 - Velocimacro : autoload off : VM system will not automatically reload global library macros
2018-07-28 07:39:21,418 - Velocimacro : Velocimacro : initialization complete.
2018-07-28 07:39:21,418 - RuntimeInstance successfully initialized.
2018-07-28 07:39:22,209 - ResourceManager : found vtl/main/title.vm with loader org.apache.velocity.runtime.resource.loader.FileResourceLoader
2018-07-28 07:39:22,296 - ResourceManager : found vtl/main/js_css.vm with loader org.apache.velocity.runtime.resource.loader.FileResourceLoader
2018-07-28 07:39:22,309 - Null reference [template 'vtl/main/js_css.vm', line 38, column 5] : $j cannot be resolved.
2018-07-28 07:39:29,553 - ResourceManager : found vtl/main/title.vm with loader org.apache.velocity.runtime.resource.loader.FileResourceLoader
2018-07-28 07:39:29,561 - ResourceManager : found vtl/main/js_css.vm with loader org.apache.velocity.runtime.resource.loader.FileResourceLoader
2018-07-28 07:39:29,561 - Null reference [template 'vtl/main/js_css.vm', line 38, column 5] : $j cannot be resolved.
2018-07-28 07:39:29,642 - ResourceManager : found vtl/main/header.vm with loader org.apache.velocity.runtime.resource.loader.FileResourceLoader
2018-07-28 07:39:29,650 - RHS of #set statement is null. Context will not be modified. vtl/main/header.vm [line 22, column 1]
2018-07-28 07:39:29,651 - RHS of #set statement is null. Context will not be modified. vtl/main/header.vm [line 23, column 1]
2018-07-28 07:39:29,695 - ResourceManager : found vtl/main/header_normal.vm with loader org.apache.velocity.runtime.resource.loader.FileResourceLoader
2018-07-28 07:39:29,697 - ResourceManager : found vtl/main/login_input.vm with loader org.apache.velocity.runtime.resource.loader.FileResourceLoader
2018-07-28 07:39:29,707 - ResourceManager : found vtl/main/tab_login.vm with loader org.apache.velocity.runtime.resource.loader.FileResourceLoader
2018-07-28 07:39:29,748 - ResourceManager : found vtl/main/tabber-main.vm with loader org.apache.velocity.runtime.resource.loader.FileResourceLoader
2018-07-28 07:39:29,756 - ResourceManager : found vtl/main/tabber2.vm with loader org.apache.velocity.runtime.resource.loader.FileResourceLoader
2018-07-28 07:39:29,868 - ResourceManager : found vtl/main/moduler.vm with loader org.apache.velocity.runtime.resource.loader.FileResourceLoader
2018-07-28 07:39:29,923 - ResourceManager : found vtl/main/moduler2.vm with loader org.apache.velocity.runtime.resource.loader.FileResourceLoader
2018-07-28 07:39:29,951 - ResourceManager : found vtl/main/footer.vm with loader org.apache.velocity.runtime.resource.loader.FileResourceLoader
2018-07-28 08:00:23,895 - SimpleLog4JLogSystem initialized using logfile '/Users/Admin/Documents/workspace1/lebah4/WebContent/velocity.log'
2018-07-28 08:00:23,895 - *******************************************************************
2018-07-28 08:00:23,895 - Starting Apache Velocity v1.5 (compiled: 2007-02-22 08:52:29)
2018-07-28 08:00:23,895 - RuntimeInstance initializing.
2018-07-28 08:00:23,895 - Default Properties File: org/apache/velocity/runtime/defaults/velocity.properties
2018-07-28 08:00:23,895 - Trying to use logger class org.apache.velocity.runtime.log.AvalonLogSystem
2018-07-28 08:00:23,895 - Couldn't find class org.apache.velocity.runtime.log.AvalonLogSystem or necessary supporting classes in classpath.
2018-07-28 08:00:23,896 - java.lang.NoClassDefFoundError: org/apache/log/format/Formatter
	at java.lang.Class.forName0(Native Method)
	at java.lang.Class.forName(Class.java:348)
	at org.apache.velocity.util.ClassUtils.getClass(ClassUtils.java:63)
	at org.apache.velocity.util.ClassUtils.getNewInstance(ClassUtils.java:95)
	at org.apache.velocity.runtime.log.LogManager.createLogChute(LogManager.java:147)
	at org.apache.velocity.runtime.log.LogManager.updateLog(LogManager.java:208)
	at org.apache.velocity.runtime.RuntimeInstance.initializeLog(RuntimeInstance.java:728)
	at org.apache.velocity.runtime.RuntimeInstance.init(RuntimeInstance.java:240)
	at org.apache.velocity.runtime.RuntimeInstance.init(RuntimeInstance.java:534)
	at org.apache.velocity.app.VelocityEngine.init(VelocityEngine.java:144)
	at lebah.portal.velocity.VelocityEngineHolder.<init>(VelocityEngineHolder.java:24)
	at lebah.portal.velocity.VelocityEngineHolder.getInstance(VelocityEngineHolder.java:28)
	at lebah.portal.velocity.VServlet.initVelocity(VServlet.java:59)
	at lebah.portal.DesktopController.doBody(DesktopController.java:86)
	at lebah.portal.DesktopController.doPost(DesktopController.java:54)
	at lebah.portal.DesktopController.doGet(DesktopController.java:48)
	at javax.servlet.http.HttpServlet.service(HttpServlet.java:622)
	at javax.servlet.http.HttpServlet.service(HttpServlet.java:729)
	at org.apache.catalina.core.ApplicationFilterChain.internalDoFilter(ApplicationFilterChain.java:230)
	at org.apache.catalina.core.ApplicationFilterChain.doFilter(ApplicationFilterChain.java:165)
	at org.apache.tomcat.websocket.server.WsFilter.doFilter(WsFilter.java:52)
	at org.apache.catalina.core.ApplicationFilterChain.internalDoFilter(ApplicationFilterChain.java:192)
	at org.apache.catalina.core.ApplicationFilterChain.doFilter(ApplicationFilterChain.java:165)
	at org.apache.catalina.core.ApplicationDispatcher.invoke(ApplicationDispatcher.java:726)
	at org.apache.catalina.core.ApplicationDispatcher.processRequest(ApplicationDispatcher.java:469)
	at org.apache.catalina.core.ApplicationDispatcher.doForward(ApplicationDispatcher.java:394)
	at org.apache.catalina.core.ApplicationDispatcher.forward(ApplicationDispatcher.java:311)
	at lebah.portal.handler.DesktopHandler.process(DesktopHandler.java:39)
	at lebah.portal.InterceptorServlet.service(InterceptorServlet.java:67)
	at javax.servlet.http.HttpServlet.service(HttpServlet.java:729)
	at org.apache.catalina.core.ApplicationFilterChain.internalDoFilter(ApplicationFilterChain.java:230)
	at org.apache.catalina.core.ApplicationFilterChain.doFilter(ApplicationFilterChain.java:165)
	at org.apache.tomcat.websocket.server.WsFilter.doFilter(WsFilter.java:52)
	at org.apache.catalina.core.ApplicationFilterChain.internalDoFilter(ApplicationFilterChain.java:192)
	at org.apache.catalina.core.ApplicationFilterChain.doFilter(ApplicationFilterChain.java:165)
	at org.apache.catalina.core.StandardWrapperValve.invoke(StandardWrapperValve.java:198)
	at org.apache.catalina.core.StandardContextValve.invoke(StandardContextValve.java:108)
	at org.apache.catalina.authenticator.AuthenticatorBase.invoke(AuthenticatorBase.java:522)
	at org.apache.catalina.core.StandardHostValve.invoke(StandardHostValve.java:140)
	at org.apache.catalina.valves.ErrorReportValve.invoke(ErrorReportValve.java:79)
	at org.apache.catalina.valves.AbstractAccessLogValve.invoke(AbstractAccessLogValve.java:620)
	at org.apache.catalina.core.StandardEngineValve.invoke(StandardEngineValve.java:87)
	at org.apache.catalina.connector.CoyoteAdapter.service(CoyoteAdapter.java:349)
	at org.apache.coyote.http11.Http11Processor.service(Http11Processor.java:1110)
	at org.apache.coyote.AbstractProcessorLight.process(AbstractProcessorLight.java:66)
	at org.apache.coyote.AbstractProtocol$ConnectionHandler.process(AbstractProtocol.java:785)
	at org.apache.tomcat.util.net.NioEndpoint$SocketProcessor.doRun(NioEndpoint.java:1425)
	at org.apache.tomcat.util.net.SocketProcessorBase.run(SocketProcessorBase.java:49)
	at java.util.concurrent.ThreadPoolExecutor.runWorker(ThreadPoolExecutor.java:1142)
	at java.util.concurrent.ThreadPoolExecutor$Worker.run(ThreadPoolExecutor.java:617)
	at org.apache.tomcat.util.threads.TaskThread$WrappingRunnable.run(TaskThread.java:61)
	at java.lang.Thread.run(Thread.java:745)
Caused by: java.lang.ClassNotFoundException: org.apache.log.format.Formatter
	at org.apache.catalina.loader.WebappClassLoaderBase.loadClass(WebappClassLoaderBase.java:1284)
	at org.apache.catalina.loader.WebappClassLoaderBase.loadClass(WebappClassLoaderBase.java:1118)
	... 52 more

2018-07-28 08:00:23,897 - Trying to use logger class org.apache.velocity.runtime.log.SimpleLog4JLogSystem
2018-07-28 08:00:23,897 - LogSystem has been deprecated. Please use a LogChute implementation.
2018-07-28 08:00:23,900 - Default ResourceManager initializing. (class org.apache.velocity.runtime.resource.ResourceManagerImpl)
2018-07-28 08:00:23,907 - ResourceLoader instantiated: org.apache.velocity.runtime.resource.loader.FileResourceLoader
2018-07-28 08:00:23,909 - FileResourceLoader : initialization starting.
2018-07-28 08:00:23,909 - Do unicode file recognition:  false
2018-07-28 08:00:23,909 - FileResourceLoader : adding path '/Users/Admin/Documents/workspace1/lebah4/WebContent'
2018-07-28 08:00:23,909 - FileResourceLoader : initialization complete.
2018-07-28 08:00:23,923 - ResourceCache: initialized (class org.apache.velocity.runtime.resource.ResourceCacheImpl)
2018-07-28 08:00:23,923 - Default ResourceManager initialization complete.
2018-07-28 08:00:23,925 - Loaded System Directive: org.apache.velocity.runtime.directive.Literal
2018-07-28 08:00:23,927 - Loaded System Directive: org.apache.velocity.runtime.directive.Macro
2018-07-28 08:00:23,930 - Loaded System Directive: org.apache.velocity.runtime.directive.Parse
2018-07-28 08:00:23,931 - Loaded System Directive: org.apache.velocity.runtime.directive.Include
2018-07-28 08:00:23,933 - Loaded System Directive: org.apache.velocity.runtime.directive.Foreach
2018-07-28 08:00:23,971 - Created '20' parsers.
2018-07-28 08:00:23,990 - Velocimacro : initialization starting.
2018-07-28 08:00:23,990 - Velocimacro : allowInline = true : VMs can be defined inline in templates
2018-07-28 08:00:23,990 - Velocimacro : allowInlineToOverride = false : VMs defined inline may NOT replace previous VM definitions
2018-07-28 08:00:23,990 - Velocimacro : allowInlineLocal = false : VMs defined inline will be global in scope if allowed.
2018-07-28 08:00:23,990 - Velocimacro : autoload off : VM system will not automatically reload global library macros
2018-07-28 08:00:23,990 - Velocimacro : Velocimacro : initialization complete.
2018-07-28 08:00:23,990 - RuntimeInstance successfully initialized.
2018-07-28 08:00:24,305 - ResourceManager : found vtl/main/title.vm with loader org.apache.velocity.runtime.resource.loader.FileResourceLoader
2018-07-28 08:00:24,329 - ResourceManager : found vtl/main/js_css.vm with loader org.apache.velocity.runtime.resource.loader.FileResourceLoader
2018-07-28 08:00:24,335 - Null reference [template 'vtl/main/js_css.vm', line 38, column 5] : $j cannot be resolved.
2018-07-28 08:00:24,349 - ResourceManager : found vtl/main/header.vm with loader org.apache.velocity.runtime.resource.loader.FileResourceLoader
2018-07-28 08:00:24,367 - ResourceManager : found vtl/main/header_normal.vm with loader org.apache.velocity.runtime.resource.loader.FileResourceLoader
2018-07-28 08:00:24,368 - ResourceManager : found vtl/main/login_input.vm with loader org.apache.velocity.runtime.resource.loader.FileResourceLoader
2018-07-28 08:00:24,371 - ResourceManager : found vtl/main/tab_login.vm with loader org.apache.velocity.runtime.resource.loader.FileResourceLoader
2018-07-28 08:00:24,389 - ResourceManager : found vtl/main/tabber-main.vm with loader org.apache.velocity.runtime.resource.loader.FileResourceLoader
2018-07-28 08:00:24,396 - ResourceManager : found vtl/main/tabber2.vm with loader org.apache.velocity.runtime.resource.loader.FileResourceLoader
2018-07-28 08:00:24,453 - ResourceManager : found vtl/main/moduler.vm with loader org.apache.velocity.runtime.resource.loader.FileResourceLoader
2018-07-28 08:00:24,455 - ResourceManager : found vtl/main/moduler2.vm with loader org.apache.velocity.runtime.resource.loader.FileResourceLoader
2018-07-28 08:00:24,457 - ResourceManager : found vtl/main/footer.vm with loader org.apache.velocity.runtime.resource.loader.FileResourceLoader
2018-07-28 08:00:26,969 - ResourceManager : found vtl/main/title.vm with loader org.apache.velocity.runtime.resource.loader.FileResourceLoader
2018-07-28 08:00:26,974 - ResourceManager : found vtl/main/js_css.vm with loader org.apache.velocity.runtime.resource.loader.FileResourceLoader
2018-07-28 08:00:26,974 - Null reference [template 'vtl/main/js_css.vm', line 38, column 5] : $j cannot be resolved.
2018-07-28 08:00:26,980 - ResourceManager : found vtl/main/header.vm with loader org.apache.velocity.runtime.resource.loader.FileResourceLoader
2018-07-28 08:00:26,983 - ResourceManager : found vtl/main/header_normal.vm with loader org.apache.velocity.runtime.resource.loader.FileResourceLoader
2018-07-28 08:00:26,983 - ResourceManager : found vtl/main/login_input.vm with loader org.apache.velocity.runtime.resource.loader.FileResourceLoader
2018-07-28 08:00:26,986 - ResourceManager : found vtl/main/tab_login.vm with loader org.apache.velocity.runtime.resource.loader.FileResourceLoader
2018-07-28 08:00:26,991 - ResourceManager : found vtl/main/tabber-main.vm with loader org.apache.velocity.runtime.resource.loader.FileResourceLoader
2018-07-28 08:00:26,993 - ResourceManager : found vtl/main/tabber2.vm with loader org.apache.velocity.runtime.resource.loader.FileResourceLoader
2018-07-28 08:00:26,996 - ResourceManager : found vtl/main/moduler.vm with loader org.apache.velocity.runtime.resource.loader.FileResourceLoader
2018-07-28 08:00:26,998 - ResourceManager : found vtl/main/moduler2.vm with loader org.apache.velocity.runtime.resource.loader.FileResourceLoader
2018-07-28 08:00:26,999 - ResourceManager : found vtl/main/footer.vm with loader org.apache.velocity.runtime.resource.loader.FileResourceLoader
2018-07-28 08:00:28,052 - ResourceManager : found vtl/main/title.vm with loader org.apache.velocity.runtime.resource.loader.FileResourceLoader
2018-07-28 08:00:28,056 - ResourceManager : found vtl/main/js_css.vm with loader org.apache.velocity.runtime.resource.loader.FileResourceLoader
2018-07-28 08:00:28,059 - Null reference [template 'vtl/main/js_css.vm', line 38, column 5] : $j cannot be resolved.
2018-07-28 08:00:28,067 - ResourceManager : found vtl/main/header.vm with loader org.apache.velocity.runtime.resource.loader.FileResourceLoader
2018-07-28 08:00:28,068 - ResourceManager : found vtl/main/header_normal.vm with loader org.apache.velocity.runtime.resource.loader.FileResourceLoader
2018-07-28 08:00:28,069 - ResourceManager : found vtl/main/login_input.vm with loader org.apache.velocity.runtime.resource.loader.FileResourceLoader
2018-07-28 08:00:28,071 - ResourceManager : found vtl/main/tab_login.vm with loader org.apache.velocity.runtime.resource.loader.FileResourceLoader
2018-07-28 08:00:28,074 - ResourceManager : found vtl/main/tabber-main.vm with loader org.apache.velocity.runtime.resource.loader.FileResourceLoader
2018-07-28 08:00:28,076 - ResourceManager : found vtl/main/tabber2.vm with loader org.apache.velocity.runtime.resource.loader.FileResourceLoader
2018-07-28 08:00:28,088 - ResourceManager : found vtl/main/moduler.vm with loader org.apache.velocity.runtime.resource.loader.FileResourceLoader
2018-07-28 08:00:28,090 - ResourceManager : found vtl/main/moduler2.vm with loader org.apache.velocity.runtime.resource.loader.FileResourceLoader
2018-07-28 08:00:28,091 - ResourceManager : found vtl/main/footer.vm with loader org.apache.velocity.runtime.resource.loader.FileResourceLoader
2018-07-28 17:42:19,483 - SimpleLog4JLogSystem initialized using logfile '/Users/Admin/Documents/workspace1/lebah4/WebContent/velocity.log'
2018-07-28 17:42:19,523 - *******************************************************************
2018-07-28 17:42:19,523 - Starting Apache Velocity v1.5 (compiled: 2007-02-22 08:52:29)
2018-07-28 17:42:19,523 - RuntimeInstance initializing.
2018-07-28 17:42:19,524 - Default Properties File: org/apache/velocity/runtime/defaults/velocity.properties
2018-07-28 17:42:19,524 - Trying to use logger class org.apache.velocity.runtime.log.AvalonLogSystem
2018-07-28 17:42:19,524 - Couldn't find class org.apache.velocity.runtime.log.AvalonLogSystem or necessary supporting classes in classpath.
2018-07-28 17:42:19,524 - java.lang.NoClassDefFoundError: org/apache/log/format/Formatter
	at java.lang.Class.forName0(Native Method)
	at java.lang.Class.forName(Class.java:348)
	at org.apache.velocity.util.ClassUtils.getClass(ClassUtils.java:63)
	at org.apache.velocity.util.ClassUtils.getNewInstance(ClassUtils.java:95)
	at org.apache.velocity.runtime.log.LogManager.createLogChute(LogManager.java:147)
	at org.apache.velocity.runtime.log.LogManager.updateLog(LogManager.java:208)
	at org.apache.velocity.runtime.RuntimeInstance.initializeLog(RuntimeInstance.java:728)
	at org.apache.velocity.runtime.RuntimeInstance.init(RuntimeInstance.java:240)
	at org.apache.velocity.runtime.RuntimeInstance.init(RuntimeInstance.java:534)
	at org.apache.velocity.app.VelocityEngine.init(VelocityEngine.java:144)
	at lebah.portal.velocity.VelocityEngineHolder.<init>(VelocityEngineHolder.java:24)
	at lebah.portal.velocity.VelocityEngineHolder.getInstance(VelocityEngineHolder.java:28)
	at lebah.portal.velocity.VServlet.initVelocity(VServlet.java:59)
	at lebah.portal.DesktopController.doBody(DesktopController.java:86)
	at lebah.portal.DesktopController.doPost(DesktopController.java:54)
	at lebah.portal.DesktopController.doGet(DesktopController.java:48)
	at javax.servlet.http.HttpServlet.service(HttpServlet.java:622)
	at javax.servlet.http.HttpServlet.service(HttpServlet.java:729)
	at org.apache.catalina.core.ApplicationFilterChain.internalDoFilter(ApplicationFilterChain.java:230)
	at org.apache.catalina.core.ApplicationFilterChain.doFilter(ApplicationFilterChain.java:165)
	at org.apache.tomcat.websocket.server.WsFilter.doFilter(WsFilter.java:52)
	at org.apache.catalina.core.ApplicationFilterChain.internalDoFilter(ApplicationFilterChain.java:192)
	at org.apache.catalina.core.ApplicationFilterChain.doFilter(ApplicationFilterChain.java:165)
	at org.apache.catalina.core.ApplicationDispatcher.invoke(ApplicationDispatcher.java:726)
	at org.apache.catalina.core.ApplicationDispatcher.processRequest(ApplicationDispatcher.java:469)
	at org.apache.catalina.core.ApplicationDispatcher.doForward(ApplicationDispatcher.java:394)
	at org.apache.catalina.core.ApplicationDispatcher.forward(ApplicationDispatcher.java:311)
	at lebah.portal.handler.DesktopHandler.process(DesktopHandler.java:39)
	at lebah.portal.InterceptorServlet.service(InterceptorServlet.java:67)
	at javax.servlet.http.HttpServlet.service(HttpServlet.java:729)
	at org.apache.catalina.core.ApplicationFilterChain.internalDoFilter(ApplicationFilterChain.java:230)
	at org.apache.catalina.core.ApplicationFilterChain.doFilter(ApplicationFilterChain.java:165)
	at org.apache.tomcat.websocket.server.WsFilter.doFilter(WsFilter.java:52)
	at org.apache.catalina.core.ApplicationFilterChain.internalDoFilter(ApplicationFilterChain.java:192)
	at org.apache.catalina.core.ApplicationFilterChain.doFilter(ApplicationFilterChain.java:165)
	at org.apache.catalina.core.StandardWrapperValve.invoke(StandardWrapperValve.java:198)
	at org.apache.catalina.core.StandardContextValve.invoke(StandardContextValve.java:108)
	at org.apache.catalina.authenticator.AuthenticatorBase.invoke(AuthenticatorBase.java:522)
	at org.apache.catalina.core.StandardHostValve.invoke(StandardHostValve.java:140)
	at org.apache.catalina.valves.ErrorReportValve.invoke(ErrorReportValve.java:79)
	at org.apache.catalina.valves.AbstractAccessLogValve.invoke(AbstractAccessLogValve.java:620)
	at org.apache.catalina.core.StandardEngineValve.invoke(StandardEngineValve.java:87)
	at org.apache.catalina.connector.CoyoteAdapter.service(CoyoteAdapter.java:349)
	at org.apache.coyote.http11.Http11Processor.service(Http11Processor.java:1110)
	at org.apache.coyote.AbstractProcessorLight.process(AbstractProcessorLight.java:66)
	at org.apache.coyote.AbstractProtocol$ConnectionHandler.process(AbstractProtocol.java:785)
	at org.apache.tomcat.util.net.NioEndpoint$SocketProcessor.doRun(NioEndpoint.java:1425)
	at org.apache.tomcat.util.net.SocketProcessorBase.run(SocketProcessorBase.java:49)
	at java.util.concurrent.ThreadPoolExecutor.runWorker(ThreadPoolExecutor.java:1142)
	at java.util.concurrent.ThreadPoolExecutor$Worker.run(ThreadPoolExecutor.java:617)
	at org.apache.tomcat.util.threads.TaskThread$WrappingRunnable.run(TaskThread.java:61)
	at java.lang.Thread.run(Thread.java:745)
Caused by: java.lang.ClassNotFoundException: org.apache.log.format.Formatter
	at org.apache.catalina.loader.WebappClassLoaderBase.loadClass(WebappClassLoaderBase.java:1284)
	at org.apache.catalina.loader.WebappClassLoaderBase.loadClass(WebappClassLoaderBase.java:1118)
	... 52 more

2018-07-28 17:42:19,524 - Trying to use logger class org.apache.velocity.runtime.log.SimpleLog4JLogSystem
2018-07-28 17:42:19,524 - LogSystem has been deprecated. Please use a LogChute implementation.
2018-07-28 17:42:19,529 - Default ResourceManager initializing. (class org.apache.velocity.runtime.resource.ResourceManagerImpl)
2018-07-28 17:42:19,533 - ResourceLoader instantiated: org.apache.velocity.runtime.resource.loader.FileResourceLoader
2018-07-28 17:42:19,535 - FileResourceLoader : initialization starting.
2018-07-28 17:42:19,535 - Do unicode file recognition:  false
2018-07-28 17:42:19,535 - FileResourceLoader : adding path '/Users/Admin/Documents/workspace1/lebah4/WebContent'
2018-07-28 17:42:19,535 - FileResourceLoader : initialization complete.
2018-07-28 17:42:19,555 - ResourceCache: initialized (class org.apache.velocity.runtime.resource.ResourceCacheImpl)
2018-07-28 17:42:19,555 - Default ResourceManager initialization complete.
2018-07-28 17:42:19,558 - Loaded System Directive: org.apache.velocity.runtime.directive.Literal
2018-07-28 17:42:19,561 - Loaded System Directive: org.apache.velocity.runtime.directive.Macro
2018-07-28 17:42:19,565 - Loaded System Directive: org.apache.velocity.runtime.directive.Parse
2018-07-28 17:42:19,567 - Loaded System Directive: org.apache.velocity.runtime.directive.Include
2018-07-28 17:42:19,568 - Loaded System Directive: org.apache.velocity.runtime.directive.Foreach
2018-07-28 17:42:19,607 - Created '20' parsers.
2018-07-28 17:42:19,623 - Velocimacro : initialization starting.
2018-07-28 17:42:19,623 - Velocimacro : allowInline = true : VMs can be defined inline in templates
2018-07-28 17:42:19,623 - Velocimacro : allowInlineToOverride = false : VMs defined inline may NOT replace previous VM definitions
2018-07-28 17:42:19,623 - Velocimacro : allowInlineLocal = false : VMs defined inline will be global in scope if allowed.
2018-07-28 17:42:19,623 - Velocimacro : autoload off : VM system will not automatically reload global library macros
2018-07-28 17:42:19,623 - Velocimacro : Velocimacro : initialization complete.
2018-07-28 17:42:19,623 - RuntimeInstance successfully initialized.
2018-07-28 17:42:20,760 - ResourceManager : found vtl/main/title.vm with loader org.apache.velocity.runtime.resource.loader.FileResourceLoader
2018-07-28 17:42:20,809 - ResourceManager : found vtl/main/js_css.vm with loader org.apache.velocity.runtime.resource.loader.FileResourceLoader
2018-07-28 17:42:20,816 - Null reference [template 'vtl/main/js_css.vm', line 38, column 5] : $j cannot be resolved.
2018-07-28 17:43:55,768 - ResourceManager : found vtl/main/title.vm with loader org.apache.velocity.runtime.resource.loader.FileResourceLoader
2018-07-28 17:43:55,777 - ResourceManager : found vtl/main/js_css.vm with loader org.apache.velocity.runtime.resource.loader.FileResourceLoader
2018-07-28 17:43:55,777 - Null reference [template 'vtl/main/js_css.vm', line 38, column 5] : $j cannot be resolved.
2018-07-28 17:44:39,393 - ResourceManager : found vtl/main/title.vm with loader org.apache.velocity.runtime.resource.loader.FileResourceLoader
2018-07-28 17:44:39,398 - ResourceManager : found vtl/main/js_css.vm with loader org.apache.velocity.runtime.resource.loader.FileResourceLoader
2018-07-28 17:44:39,398 - Null reference [template 'vtl/main/js_css.vm', line 38, column 5] : $j cannot be resolved.
2018-07-28 17:44:39,485 - ResourceManager : found vtl/main/header.vm with loader org.apache.velocity.runtime.resource.loader.FileResourceLoader
2018-07-28 17:44:39,496 - RHS of #set statement is null. Context will not be modified. vtl/main/header.vm [line 22, column 1]
2018-07-28 17:44:39,497 - RHS of #set statement is null. Context will not be modified. vtl/main/header.vm [line 23, column 1]
2018-07-28 17:44:39,540 - ResourceManager : found vtl/main/header_normal.vm with loader org.apache.velocity.runtime.resource.loader.FileResourceLoader
2018-07-28 17:44:39,554 - ResourceManager : found vtl/main/login_input.vm with loader org.apache.velocity.runtime.resource.loader.FileResourceLoader
2018-07-28 17:44:39,566 - ResourceManager : found vtl/main/tab_login.vm with loader org.apache.velocity.runtime.resource.loader.FileResourceLoader
2018-07-28 17:44:39,626 - ResourceManager : found vtl/main/tabber-main.vm with loader org.apache.velocity.runtime.resource.loader.FileResourceLoader
2018-07-28 17:44:39,635 - ResourceManager : found vtl/main/tabber2.vm with loader org.apache.velocity.runtime.resource.loader.FileResourceLoader
2018-07-28 17:44:40,025 - ResourceManager : found vtl/main/moduler.vm with loader org.apache.velocity.runtime.resource.loader.FileResourceLoader
2018-07-28 17:44:40,027 - ResourceManager : found vtl/main/moduler2.vm with loader org.apache.velocity.runtime.resource.loader.FileResourceLoader
2018-07-28 17:44:40,110 - ResourceManager : found vtl/main/footer.vm with loader org.apache.velocity.runtime.resource.loader.FileResourceLoader
2018-07-28 17:44:48,810 - ResourceManager : found vtl/main/title.vm with loader org.apache.velocity.runtime.resource.loader.FileResourceLoader
2018-07-28 17:44:48,822 - ResourceManager : found vtl/main/js_css.vm with loader org.apache.velocity.runtime.resource.loader.FileResourceLoader
2018-07-28 17:44:48,823 - Null reference [template 'vtl/main/js_css.vm', line 38, column 5] : $j cannot be resolved.
2018-08-26 17:27:46,981 - SimpleLog4JLogSystem initialized using logfile '/Users/Admin/Documents/workspace1/lebah4/WebContent/velocity.log'
2018-08-26 17:27:47,007 - *******************************************************************
2018-08-26 17:27:47,007 - Starting Apache Velocity v1.5 (compiled: 2007-02-22 08:52:29)
2018-08-26 17:27:47,008 - RuntimeInstance initializing.
2018-08-26 17:27:47,008 - Default Properties File: org/apache/velocity/runtime/defaults/velocity.properties
2018-08-26 17:27:47,008 - Trying to use logger class org.apache.velocity.runtime.log.AvalonLogSystem
2018-08-26 17:27:47,008 - Couldn't find class org.apache.velocity.runtime.log.AvalonLogSystem or necessary supporting classes in classpath.
2018-08-26 17:27:47,009 - java.lang.NoClassDefFoundError: org/apache/log/format/Formatter
	at java.lang.Class.forName0(Native Method)
	at java.lang.Class.forName(Class.java:348)
	at org.apache.velocity.util.ClassUtils.getClass(ClassUtils.java:63)
	at org.apache.velocity.util.ClassUtils.getNewInstance(ClassUtils.java:95)
	at org.apache.velocity.runtime.log.LogManager.createLogChute(LogManager.java:147)
	at org.apache.velocity.runtime.log.LogManager.updateLog(LogManager.java:208)
	at org.apache.velocity.runtime.RuntimeInstance.initializeLog(RuntimeInstance.java:728)
	at org.apache.velocity.runtime.RuntimeInstance.init(RuntimeInstance.java:240)
	at org.apache.velocity.runtime.RuntimeInstance.init(RuntimeInstance.java:534)
	at org.apache.velocity.app.VelocityEngine.init(VelocityEngine.java:144)
	at lebah.portal.velocity.VelocityEngineHolder.<init>(VelocityEngineHolder.java:24)
	at lebah.portal.velocity.VelocityEngineHolder.getInstance(VelocityEngineHolder.java:28)
	at lebah.portal.velocity.VServlet.initVelocity(VServlet.java:59)
	at lebah.portal.DesktopController.doBody(DesktopController.java:86)
	at lebah.portal.DesktopController.doPost(DesktopController.java:54)
	at lebah.portal.DesktopController.doGet(DesktopController.java:48)
	at javax.servlet.http.HttpServlet.service(HttpServlet.java:622)
	at javax.servlet.http.HttpServlet.service(HttpServlet.java:729)
	at org.apache.catalina.core.ApplicationFilterChain.internalDoFilter(ApplicationFilterChain.java:230)
	at org.apache.catalina.core.ApplicationFilterChain.doFilter(ApplicationFilterChain.java:165)
	at org.apache.tomcat.websocket.server.WsFilter.doFilter(WsFilter.java:52)
	at org.apache.catalina.core.ApplicationFilterChain.internalDoFilter(ApplicationFilterChain.java:192)
	at org.apache.catalina.core.ApplicationFilterChain.doFilter(ApplicationFilterChain.java:165)
	at org.apache.catalina.core.ApplicationDispatcher.invoke(ApplicationDispatcher.java:726)
	at org.apache.catalina.core.ApplicationDispatcher.processRequest(ApplicationDispatcher.java:469)
	at org.apache.catalina.core.ApplicationDispatcher.doForward(ApplicationDispatcher.java:394)
	at org.apache.catalina.core.ApplicationDispatcher.forward(ApplicationDispatcher.java:311)
	at lebah.portal.handler.DesktopHandler.process(DesktopHandler.java:39)
	at lebah.portal.InterceptorServlet.service(InterceptorServlet.java:67)
	at javax.servlet.http.HttpServlet.service(HttpServlet.java:729)
	at org.apache.catalina.core.ApplicationFilterChain.internalDoFilter(ApplicationFilterChain.java:230)
	at org.apache.catalina.core.ApplicationFilterChain.doFilter(ApplicationFilterChain.java:165)
	at org.apache.tomcat.websocket.server.WsFilter.doFilter(WsFilter.java:52)
	at org.apache.catalina.core.ApplicationFilterChain.internalDoFilter(ApplicationFilterChain.java:192)
	at org.apache.catalina.core.ApplicationFilterChain.doFilter(ApplicationFilterChain.java:165)
	at org.apache.catalina.core.StandardWrapperValve.invoke(StandardWrapperValve.java:198)
	at org.apache.catalina.core.StandardContextValve.invoke(StandardContextValve.java:108)
	at org.apache.catalina.authenticator.AuthenticatorBase.invoke(AuthenticatorBase.java:522)
	at org.apache.catalina.core.StandardHostValve.invoke(StandardHostValve.java:140)
	at org.apache.catalina.valves.ErrorReportValve.invoke(ErrorReportValve.java:79)
	at org.apache.catalina.valves.AbstractAccessLogValve.invoke(AbstractAccessLogValve.java:620)
	at org.apache.catalina.core.StandardEngineValve.invoke(StandardEngineValve.java:87)
	at org.apache.catalina.connector.CoyoteAdapter.service(CoyoteAdapter.java:349)
	at org.apache.coyote.http11.Http11Processor.service(Http11Processor.java:1110)
	at org.apache.coyote.AbstractProcessorLight.process(AbstractProcessorLight.java:66)
	at org.apache.coyote.AbstractProtocol$ConnectionHandler.process(AbstractProtocol.java:785)
	at org.apache.tomcat.util.net.NioEndpoint$SocketProcessor.doRun(NioEndpoint.java:1425)
	at org.apache.tomcat.util.net.SocketProcessorBase.run(SocketProcessorBase.java:49)
	at java.util.concurrent.ThreadPoolExecutor.runWorker(ThreadPoolExecutor.java:1142)
	at java.util.concurrent.ThreadPoolExecutor$Worker.run(ThreadPoolExecutor.java:617)
	at org.apache.tomcat.util.threads.TaskThread$WrappingRunnable.run(TaskThread.java:61)
	at java.lang.Thread.run(Thread.java:745)
Caused by: java.lang.ClassNotFoundException: org.apache.log.format.Formatter
	at org.apache.catalina.loader.WebappClassLoaderBase.loadClass(WebappClassLoaderBase.java:1284)
	at org.apache.catalina.loader.WebappClassLoaderBase.loadClass(WebappClassLoaderBase.java:1118)
	... 52 more

2018-08-26 17:27:47,009 - Trying to use logger class org.apache.velocity.runtime.log.SimpleLog4JLogSystem
2018-08-26 17:27:47,009 - LogSystem has been deprecated. Please use a LogChute implementation.
2018-08-26 17:27:47,043 - Default ResourceManager initializing. (class org.apache.velocity.runtime.resource.ResourceManagerImpl)
2018-08-26 17:27:47,051 - ResourceLoader instantiated: org.apache.velocity.runtime.resource.loader.FileResourceLoader
2018-08-26 17:27:47,054 - FileResourceLoader : initialization starting.
2018-08-26 17:27:47,054 - Do unicode file recognition:  false
2018-08-26 17:27:47,054 - FileResourceLoader : adding path '/Users/Admin/Documents/workspace1/lebah4/WebContent'
2018-08-26 17:27:47,054 - FileResourceLoader : initialization complete.
2018-08-26 17:27:47,147 - ResourceCache: initialized (class org.apache.velocity.runtime.resource.ResourceCacheImpl)
2018-08-26 17:27:47,147 - Default ResourceManager initialization complete.
2018-08-26 17:27:47,149 - Loaded System Directive: org.apache.velocity.runtime.directive.Literal
2018-08-26 17:27:47,152 - Loaded System Directive: org.apache.velocity.runtime.directive.Macro
2018-08-26 17:27:47,156 - Loaded System Directive: org.apache.velocity.runtime.directive.Parse
2018-08-26 17:27:47,158 - Loaded System Directive: org.apache.velocity.runtime.directive.Include
2018-08-26 17:27:47,159 - Loaded System Directive: org.apache.velocity.runtime.directive.Foreach
2018-08-26 17:27:47,210 - Created '20' parsers.
2018-08-26 17:27:47,226 - Velocimacro : initialization starting.
2018-08-26 17:27:47,226 - Velocimacro : allowInline = true : VMs can be defined inline in templates
2018-08-26 17:27:47,226 - Velocimacro : allowInlineToOverride = false : VMs defined inline may NOT replace previous VM definitions
2018-08-26 17:27:47,226 - Velocimacro : allowInlineLocal = false : VMs defined inline will be global in scope if allowed.
2018-08-26 17:27:47,226 - Velocimacro : autoload off : VM system will not automatically reload global library macros
2018-08-26 17:27:47,226 - Velocimacro : Velocimacro : initialization complete.
2018-08-26 17:27:47,226 - RuntimeInstance successfully initialized.
2018-08-26 17:27:49,338 - ResourceManager : found vtl/main/title.vm with loader org.apache.velocity.runtime.resource.loader.FileResourceLoader
2018-08-26 17:27:49,495 - ResourceManager : found vtl/main/js_css.vm with loader org.apache.velocity.runtime.resource.loader.FileResourceLoader
2018-08-26 17:27:49,524 - Null reference [template 'vtl/main/js_css.vm', line 38, column 5] : $j cannot be resolved.
2018-08-26 17:27:49,644 - ResourceManager : found vtl/main/header.vm with loader org.apache.velocity.runtime.resource.loader.FileResourceLoader
2018-08-26 17:27:49,683 - RHS of #set statement is null. Context will not be modified. vtl/main/header.vm [line 22, column 1]
2018-08-26 17:27:49,684 - RHS of #set statement is null. Context will not be modified. vtl/main/header.vm [line 23, column 1]
2018-08-26 17:27:49,734 - ResourceManager : found vtl/main/header_normal.vm with loader org.apache.velocity.runtime.resource.loader.FileResourceLoader
2018-08-26 17:27:49,781 - ResourceManager : found vtl/main/login_input.vm with loader org.apache.velocity.runtime.resource.loader.FileResourceLoader
2018-08-26 17:27:49,828 - ResourceManager : found vtl/main/tab_login.vm with loader org.apache.velocity.runtime.resource.loader.FileResourceLoader
2018-08-26 17:27:50,066 - ResourceManager : found vtl/main/tabber-main.vm with loader org.apache.velocity.runtime.resource.loader.FileResourceLoader
2018-08-26 17:27:50,086 - ResourceManager : found vtl/main/tabber2.vm with loader org.apache.velocity.runtime.resource.loader.FileResourceLoader
2018-08-26 17:27:51,017 - ResourceManager : found vtl/main/moduler.vm with loader org.apache.velocity.runtime.resource.loader.FileResourceLoader
2018-08-26 17:27:51,026 - ResourceManager : found vtl/main/moduler2.vm with loader org.apache.velocity.runtime.resource.loader.FileResourceLoader
2018-08-26 17:27:51,114 - ResourceManager : found vtl/main/footer.vm with loader org.apache.velocity.runtime.resource.loader.FileResourceLoader
2018-10-26 11:21:30,002 - SimpleLog4JLogSystem initialized using logfile '/Users/Admin/Documents/workspace1/lebah4/WebContent/velocity.log'
2018-10-26 11:21:30,024 - *******************************************************************
2018-10-26 11:21:30,025 - Starting Apache Velocity v1.5 (compiled: 2007-02-22 08:52:29)
2018-10-26 11:21:30,025 - RuntimeInstance initializing.
2018-10-26 11:21:30,025 - Default Properties File: org/apache/velocity/runtime/defaults/velocity.properties
2018-10-26 11:21:30,025 - Trying to use logger class org.apache.velocity.runtime.log.AvalonLogSystem
2018-10-26 11:21:30,025 - Couldn't find class org.apache.velocity.runtime.log.AvalonLogSystem or necessary supporting classes in classpath.
2018-10-26 11:21:30,027 - java.lang.NoClassDefFoundError: org/apache/log/format/Formatter
	at java.lang.Class.forName0(Native Method)
	at java.lang.Class.forName(Class.java:348)
	at org.apache.velocity.util.ClassUtils.getClass(ClassUtils.java:63)
	at org.apache.velocity.util.ClassUtils.getNewInstance(ClassUtils.java:95)
	at org.apache.velocity.runtime.log.LogManager.createLogChute(LogManager.java:147)
	at org.apache.velocity.runtime.log.LogManager.updateLog(LogManager.java:208)
	at org.apache.velocity.runtime.RuntimeInstance.initializeLog(RuntimeInstance.java:728)
	at org.apache.velocity.runtime.RuntimeInstance.init(RuntimeInstance.java:240)
	at org.apache.velocity.runtime.RuntimeInstance.init(RuntimeInstance.java:534)
	at org.apache.velocity.app.VelocityEngine.init(VelocityEngine.java:144)
	at lebah.portal.velocity.VelocityEngineHolder.<init>(VelocityEngineHolder.java:24)
	at lebah.portal.velocity.VelocityEngineHolder.getInstance(VelocityEngineHolder.java:28)
	at lebah.portal.velocity.VServlet.initVelocity(VServlet.java:59)
	at lebah.portal.DesktopController.doBody(DesktopController.java:86)
	at lebah.portal.DesktopController.doPost(DesktopController.java:54)
	at lebah.portal.DesktopController.doGet(DesktopController.java:48)
	at javax.servlet.http.HttpServlet.service(HttpServlet.java:622)
	at javax.servlet.http.HttpServlet.service(HttpServlet.java:729)
	at org.apache.catalina.core.ApplicationFilterChain.internalDoFilter(ApplicationFilterChain.java:230)
	at org.apache.catalina.core.ApplicationFilterChain.doFilter(ApplicationFilterChain.java:165)
	at org.apache.tomcat.websocket.server.WsFilter.doFilter(WsFilter.java:52)
	at org.apache.catalina.core.ApplicationFilterChain.internalDoFilter(ApplicationFilterChain.java:192)
	at org.apache.catalina.core.ApplicationFilterChain.doFilter(ApplicationFilterChain.java:165)
	at org.apache.catalina.core.ApplicationDispatcher.invoke(ApplicationDispatcher.java:726)
	at org.apache.catalina.core.ApplicationDispatcher.processRequest(ApplicationDispatcher.java:469)
	at org.apache.catalina.core.ApplicationDispatcher.doForward(ApplicationDispatcher.java:394)
	at org.apache.catalina.core.ApplicationDispatcher.forward(ApplicationDispatcher.java:311)
	at lebah.portal.handler.DesktopHandler.process(DesktopHandler.java:39)
	at lebah.portal.InterceptorServlet.service(InterceptorServlet.java:67)
	at javax.servlet.http.HttpServlet.service(HttpServlet.java:729)
	at org.apache.catalina.core.ApplicationFilterChain.internalDoFilter(ApplicationFilterChain.java:230)
	at org.apache.catalina.core.ApplicationFilterChain.doFilter(ApplicationFilterChain.java:165)
	at org.apache.tomcat.websocket.server.WsFilter.doFilter(WsFilter.java:52)
	at org.apache.catalina.core.ApplicationFilterChain.internalDoFilter(ApplicationFilterChain.java:192)
	at org.apache.catalina.core.ApplicationFilterChain.doFilter(ApplicationFilterChain.java:165)
	at org.apache.catalina.core.StandardWrapperValve.invoke(StandardWrapperValve.java:198)
	at org.apache.catalina.core.StandardContextValve.invoke(StandardContextValve.java:108)
	at org.apache.catalina.authenticator.AuthenticatorBase.invoke(AuthenticatorBase.java:522)
	at org.apache.catalina.core.StandardHostValve.invoke(StandardHostValve.java:140)
	at org.apache.catalina.valves.ErrorReportValve.invoke(ErrorReportValve.java:79)
	at org.apache.catalina.valves.AbstractAccessLogValve.invoke(AbstractAccessLogValve.java:620)
	at org.apache.catalina.core.StandardEngineValve.invoke(StandardEngineValve.java:87)
	at org.apache.catalina.connector.CoyoteAdapter.service(CoyoteAdapter.java:349)
	at org.apache.coyote.http11.Http11Processor.service(Http11Processor.java:1110)
	at org.apache.coyote.AbstractProcessorLight.process(AbstractProcessorLight.java:66)
	at org.apache.coyote.AbstractProtocol$ConnectionHandler.process(AbstractProtocol.java:785)
	at org.apache.tomcat.util.net.NioEndpoint$SocketProcessor.doRun(NioEndpoint.java:1425)
	at org.apache.tomcat.util.net.SocketProcessorBase.run(SocketProcessorBase.java:49)
	at java.util.concurrent.ThreadPoolExecutor.runWorker(ThreadPoolExecutor.java:1142)
	at java.util.concurrent.ThreadPoolExecutor$Worker.run(ThreadPoolExecutor.java:617)
	at org.apache.tomcat.util.threads.TaskThread$WrappingRunnable.run(TaskThread.java:61)
	at java.lang.Thread.run(Thread.java:745)
Caused by: java.lang.ClassNotFoundException: org.apache.log.format.Formatter
	at org.apache.catalina.loader.WebappClassLoaderBase.loadClass(WebappClassLoaderBase.java:1284)
	at org.apache.catalina.loader.WebappClassLoaderBase.loadClass(WebappClassLoaderBase.java:1118)
	... 52 more

2018-10-26 11:21:30,027 - Trying to use logger class org.apache.velocity.runtime.log.SimpleLog4JLogSystem
2018-10-26 11:21:30,027 - LogSystem has been deprecated. Please use a LogChute implementation.
2018-10-26 11:21:30,031 - Default ResourceManager initializing. (class org.apache.velocity.runtime.resource.ResourceManagerImpl)
2018-10-26 11:21:30,036 - ResourceLoader instantiated: org.apache.velocity.runtime.resource.loader.FileResourceLoader
2018-10-26 11:21:30,039 - FileResourceLoader : initialization starting.
2018-10-26 11:21:30,039 - Do unicode file recognition:  false
2018-10-26 11:21:30,039 - FileResourceLoader : adding path '/Users/Admin/Documents/workspace1/lebah4/WebContent'
2018-10-26 11:21:30,039 - FileResourceLoader : initialization complete.
2018-10-26 11:21:30,058 - ResourceCache: initialized (class org.apache.velocity.runtime.resource.ResourceCacheImpl)
2018-10-26 11:21:30,058 - Default ResourceManager initialization complete.
2018-10-26 11:21:30,061 - Loaded System Directive: org.apache.velocity.runtime.directive.Literal
2018-10-26 11:21:30,063 - Loaded System Directive: org.apache.velocity.runtime.directive.Macro
2018-10-26 11:21:30,066 - Loaded System Directive: org.apache.velocity.runtime.directive.Parse
2018-10-26 11:21:30,067 - Loaded System Directive: org.apache.velocity.runtime.directive.Include
2018-10-26 11:21:30,069 - Loaded System Directive: org.apache.velocity.runtime.directive.Foreach
2018-10-26 11:21:30,112 - Created '20' parsers.
2018-10-26 11:21:30,127 - Velocimacro : initialization starting.
2018-10-26 11:21:30,127 - Velocimacro : allowInline = true : VMs can be defined inline in templates
2018-10-26 11:21:30,127 - Velocimacro : allowInlineToOverride = false : VMs defined inline may NOT replace previous VM definitions
2018-10-26 11:21:30,128 - Velocimacro : allowInlineLocal = false : VMs defined inline will be global in scope if allowed.
2018-10-26 11:21:30,128 - Velocimacro : autoload off : VM system will not automatically reload global library macros
2018-10-26 11:21:30,128 - Velocimacro : Velocimacro : initialization complete.
2018-10-26 11:21:30,128 - RuntimeInstance successfully initialized.
2018-10-26 11:21:30,841 - ResourceManager : found vtl/main/title.vm with loader org.apache.velocity.runtime.resource.loader.FileResourceLoader
2018-10-26 11:21:30,881 - ResourceManager : found vtl/main/js_css.vm with loader org.apache.velocity.runtime.resource.loader.FileResourceLoader
2018-10-26 11:21:30,888 - Null reference [template 'vtl/main/js_css.vm', line 40, column 5] : $j cannot be resolved.
2018-10-26 11:21:30,923 - ResourceManager : found vtl/main/header.vm with loader org.apache.velocity.runtime.resource.loader.FileResourceLoader
2018-10-26 11:21:30,935 - RHS of #set statement is null. Context will not be modified. vtl/main/header.vm [line 22, column 1]
2018-10-26 11:21:30,936 - RHS of #set statement is null. Context will not be modified. vtl/main/header.vm [line 23, column 1]
2018-10-26 11:21:30,962 - ResourceManager : found vtl/main/header_normal.vm with loader org.apache.velocity.runtime.resource.loader.FileResourceLoader
2018-10-26 11:21:30,963 - ResourceManager : found vtl/main/login_input.vm with loader org.apache.velocity.runtime.resource.loader.FileResourceLoader
2018-10-26 11:21:30,966 - ResourceManager : found vtl/main/tab_login.vm with loader org.apache.velocity.runtime.resource.loader.FileResourceLoader
2018-10-26 11:21:30,998 - ResourceManager : found vtl/main/tabber-main.vm with loader org.apache.velocity.runtime.resource.loader.FileResourceLoader
2018-10-26 11:21:31,032 - ResourceManager : found vtl/main/tabber2.vm with loader org.apache.velocity.runtime.resource.loader.FileResourceLoader
2018-10-26 11:21:31,490 - ResourceManager : found vtl/main/moduler.vm with loader org.apache.velocity.runtime.resource.loader.FileResourceLoader
2018-10-26 11:21:31,493 - ResourceManager : found vtl/main/moduler2.vm with loader org.apache.velocity.runtime.resource.loader.FileResourceLoader
2018-10-26 11:21:31,533 - ResourceManager : found vtl/main/footer.vm with loader org.apache.velocity.runtime.resource.loader.FileResourceLoader
